<?xml version="1.0" encoding="UTF-8"?>
<!-- Generated by org.testng.reporters.JUnitReportReporter -->
<testsuite hostname="DESKTOP-R2CIOLU" failures="0" tests="1" name="com.tests.Abc" time="42.701" errors="0" timestamp="2023-09-13T14:15:19 IST" skipped="0">
  <testcase classname="com.tests.Abc" name="enquiryTest1" time="42.701"/>
  <system-out/>
</testsuite> <!-- com.tests.Abc -->
