<?xml version="1.0" encoding="UTF-8"?>
<!-- Generated by org.testng.reporters.JUnitReportReporter -->
<testsuite hostname="DESKTOP-R2CIOLU" failures="0" tests="1" name="com.tests.LoginTest" time="8.315" errors="0" timestamp="2023-09-10T18:47:33 IST" skipped="0">
  <testcase classname="com.tests.LoginTest" name="loginTC" time="8.315"/>
  <system-out/>
</testsuite> <!-- com.tests.LoginTest -->
